F:\GIT\CODEREPOSITORY\PIC2VIDEO\DEBUG\PIC2VIDEO.EXE
F:\GIT\CODEREPOSITORY\PIC2VIDEO\DEBUG\PIC2VIDEO.ILK
F:\GIT\CODEREPOSITORY\PIC2VIDEO\DEBUG\PIC2VIDEO.PDB
F:\git\CodeRepository\pic2Video\pic2Video\Debug\cl.command.1.tlog
F:\git\CodeRepository\pic2Video\pic2Video\Debug\CL.read.1.tlog
F:\git\CodeRepository\pic2Video\pic2Video\Debug\CL.write.1.tlog
F:\git\CodeRepository\pic2Video\pic2Video\Debug\link.9072.read.1.tlog
F:\git\CodeRepository\pic2Video\pic2Video\Debug\link.9072.write.1.tlog
F:\git\CodeRepository\pic2Video\pic2Video\Debug\link.9072-cvtres.read.1.tlog
F:\git\CodeRepository\pic2Video\pic2Video\Debug\link.9072-cvtres.write.1.tlog
F:\git\CodeRepository\pic2Video\pic2Video\Debug\link.command.1.tlog
F:\git\CodeRepository\pic2Video\pic2Video\Debug\link.read.1.tlog
F:\git\CodeRepository\pic2Video\pic2Video\Debug\link.write.1.tlog
F:\git\CodeRepository\pic2Video\pic2Video\Debug\link-cvtres.read.1.tlog
F:\git\CodeRepository\pic2Video\pic2Video\Debug\link-cvtres.write.1.tlog
F:\git\CodeRepository\pic2Video\pic2Video\Debug\mt.command.1.tlog
F:\git\CodeRepository\pic2Video\pic2Video\Debug\mt.read.1.tlog
F:\git\CodeRepository\pic2Video\pic2Video\Debug\mt.write.1.tlog
F:\GIT\CODEREPOSITORY\PIC2VIDEO\PIC2VIDEO\DEBUG\PIC2VIDEO.EXE.EMBED.MANIFEST
F:\GIT\CODEREPOSITORY\PIC2VIDEO\PIC2VIDEO\DEBUG\PIC2VIDEO.EXE.EMBED.MANIFEST.RES
F:\GIT\CODEREPOSITORY\PIC2VIDEO\PIC2VIDEO\DEBUG\PIC2VIDEO.EXE.INTERMEDIATE.MANIFEST
F:\GIT\CODEREPOSITORY\PIC2VIDEO\PIC2VIDEO\DEBUG\PIC2VIDEO.OBJ
F:\GIT\CODEREPOSITORY\PIC2VIDEO\PIC2VIDEO\DEBUG\PIC2VIDEO.PCH
F:\git\CodeRepository\pic2Video\pic2Video\Debug\pic2Video.write.1.tlog
F:\git\CodeRepository\pic2Video\pic2Video\Debug\pic2Video_manifest.rc
F:\git\CodeRepository\pic2Video\pic2Video\Debug\rc.command.1.tlog
F:\git\CodeRepository\pic2Video\pic2Video\Debug\rc.read.1.tlog
F:\git\CodeRepository\pic2Video\pic2Video\Debug\rc.write.1.tlog
F:\GIT\CODEREPOSITORY\PIC2VIDEO\PIC2VIDEO\DEBUG\STDAFX.OBJ
F:\git\CodeRepository\pic2Video\pic2Video\Debug\vc100.idb
F:\GIT\CODEREPOSITORY\PIC2VIDEO\PIC2VIDEO\DEBUG\VC100.PDB
