Build started 2015/8/18 10:04:49.
     1>Project "F:\git\CodeRepository\pic2Video\pic2Video\pic2Video.vcxproj" on node 2 (rebuild target(s)).
     1>_PrepareForClean:
         Deleting file "Debug\pic2Video.lastbuildstate".
       InitializeBuildStatus:
         Creating "Debug\pic2Video.unsuccessfulbuild" because "AlwaysCreate" was specified.
       ClCompile:
         c:\software\study\VS2010\VC\bin\CL.exe /c /ZI /nologo /W3 /WX- /Od /Oy- /D WIN32 /D _DEBUG /D _CONSOLE /D _UNICODE /D UNICODE /Gm /EHsc /RTC1 /MDd /GS /fp:precise /Zc:wchar_t /Zc:forScope /Yc"StdAfx.h" /Fp"Debug\pic2Video.pch" /Fo"Debug\\" /Fd"Debug\vc100.pdb" /Gd /TP /analyze- /errorReport:prompt stdafx.cpp
         stdafx.cpp
         c:\software\study\VS2010\VC\bin\CL.exe /c /ZI /nologo /W3 /WX- /Od /Oy- /D WIN32 /D _DEBUG /D _CONSOLE /D _UNICODE /D UNICODE /Gm /EHsc /RTC1 /MDd /GS /fp:precise /Zc:wchar_t /Zc:forScope /Yu"StdAfx.h" /Fp"Debug\pic2Video.pch" /Fo"Debug\\" /Fd"Debug\vc100.pdb" /Gd /TP /analyze- /errorReport:prompt pic2Video.cpp
         pic2Video.cpp
     1>c:\software\study\opencv2.4.8\opencv\build\include\opencv2\flann\logger.h(66): warning C4996: 'fopen': This function or variable may be unsafe. Consider using fopen_s instead. To disable deprecation, use _CRT_SECURE_NO_WARNINGS. See online help for details.
                 c:\software\study\vs2010\vc\include\stdio.h(234) : see declaration of 'fopen'
       ManifestResourceCompile:
         C:\Program Files (x86)\Microsoft SDKs\Windows\v7.0A\bin\rc.exe /nologo /fo"Debug\pic2Video.exe.embed.manifest.res" Debug\pic2Video_manifest.rc 
       Link:
         c:\software\study\VS2010\VC\bin\link.exe /ERRORREPORT:PROMPT /OUT:"F:\git\CodeRepository\pic2Video\Debug\pic2Video.exe" /INCREMENTAL /NOLOGO opencv_calib3d248d.lib opencv_contrib248d.lib opencv_core248d.lib opencv_features2d248d.lib opencv_flann248d.lib opencv_gpu248d.lib opencv_highgui248d.lib opencv_imgproc248d.lib opencv_legacy248d.lib opencv_ml248d.lib opencv_objdetect248d.lib opencv_ts248d.lib opencv_video248d.lib opencv_calib3d248.lib opencv_contrib248.lib opencv_core248.lib opencv_features2d248.lib opencv_flann248.lib opencv_gpu248.lib opencv_highgui248.lib opencv_imgproc248.lib opencv_legacy248.lib opencv_ml248.lib opencv_objdetect248.lib opencv_ts248.lib opencv_video248.lib kernel32.lib user32.lib gdi32.lib winspool.lib comdlg32.lib advapi32.lib shell32.lib ole32.lib oleaut32.lib uuid.lib odbc32.lib odbccp32.lib /MANIFEST /ManifestFile:"Debug\pic2Video.exe.intermediate.manifest" /MANIFESTUAC:"level='asInvoker' uiAccess='false'" /DEBUG /PDB:"F:\git\CodeRepository\pic2Video\Debug\pic2Video.pdb" /SUBSYSTEM:CONSOLE /TLBID:1 /DYNAMICBASE /NXCOMPAT /IMPLIB:"F:\git\CodeRepository\pic2Video\Debug\pic2Video.lib" /MACHINE:X86 Debug\pic2Video.exe.embed.manifest.res
         Debug\pic2Video.obj
         Debug\stdafx.obj
       Manifest:
         Deleting file "Debug\pic2Video.exe.embed.manifest".
         C:\Program Files (x86)\Microsoft SDKs\Windows\v7.0A\bin\mt.exe /nologo /verbose /out:"Debug\pic2Video.exe.embed.manifest" /manifest Debug\pic2Video.exe.intermediate.manifest
         C:\Program Files (x86)\Microsoft SDKs\Windows\v7.0A\bin\rc.exe /nologo /fo"Debug\pic2Video.exe.embed.manifest.res" Debug\pic2Video_manifest.rc 
       LinkEmbedManifest:
         c:\software\study\VS2010\VC\bin\link.exe /ERRORREPORT:PROMPT /OUT:"F:\git\CodeRepository\pic2Video\Debug\pic2Video.exe" /INCREMENTAL /NOLOGO opencv_calib3d248d.lib opencv_contrib248d.lib opencv_core248d.lib opencv_features2d248d.lib opencv_flann248d.lib opencv_gpu248d.lib opencv_highgui248d.lib opencv_imgproc248d.lib opencv_legacy248d.lib opencv_ml248d.lib opencv_objdetect248d.lib opencv_ts248d.lib opencv_video248d.lib opencv_calib3d248.lib opencv_contrib248.lib opencv_core248.lib opencv_features2d248.lib opencv_flann248.lib opencv_gpu248.lib opencv_highgui248.lib opencv_imgproc248.lib opencv_legacy248.lib opencv_ml248.lib opencv_objdetect248.lib opencv_ts248.lib opencv_video248.lib kernel32.lib user32.lib gdi32.lib winspool.lib comdlg32.lib advapi32.lib shell32.lib ole32.lib oleaut32.lib uuid.lib odbc32.lib odbccp32.lib /MANIFEST /ManifestFile:"Debug\pic2Video.exe.intermediate.manifest" /MANIFESTUAC:"level='asInvoker' uiAccess='false'" /DEBUG /PDB:"F:\git\CodeRepository\pic2Video\Debug\pic2Video.pdb" /SUBSYSTEM:CONSOLE /TLBID:1 /DYNAMICBASE /NXCOMPAT /IMPLIB:"F:\git\CodeRepository\pic2Video\Debug\pic2Video.lib" /MACHINE:X86 Debug\pic2Video.exe.embed.manifest.res
         Debug\pic2Video.obj
         Debug\stdafx.obj
         pic2Video.vcxproj -> F:\git\CodeRepository\pic2Video\Debug\pic2Video.exe
       FinalizeBuildStatus:
         Deleting file "Debug\pic2Video.unsuccessfulbuild".
         Touching "Debug\pic2Video.lastbuildstate".
     1>Done Building Project "F:\git\CodeRepository\pic2Video\pic2Video\pic2Video.vcxproj" (rebuild target(s)).

Build succeeded.

Time Elapsed 00:00:01.34
