F:\GIT\CODEREPOSITORY\遍历指定文件夹\DEBUG\遍历指定文件夹.EXE
F:\GIT\CODEREPOSITORY\遍历指定文件夹\DEBUG\遍历指定文件夹.ILK
F:\GIT\CODEREPOSITORY\遍历指定文件夹\DEBUG\遍历指定文件夹.PDB
F:\git\CodeRepository\遍历指定文件夹\遍历指定文件夹\Debug\cl.command.1.tlog
F:\git\CodeRepository\遍历指定文件夹\遍历指定文件夹\Debug\CL.read.1.tlog
F:\git\CodeRepository\遍历指定文件夹\遍历指定文件夹\Debug\CL.write.1.tlog
F:\git\CodeRepository\遍历指定文件夹\遍历指定文件夹\Debug\link.10092.read.1.tlog
F:\git\CodeRepository\遍历指定文件夹\遍历指定文件夹\Debug\link.10092.write.1.tlog
F:\git\CodeRepository\遍历指定文件夹\遍历指定文件夹\Debug\link.10092-cvtres.read.1.tlog
F:\git\CodeRepository\遍历指定文件夹\遍历指定文件夹\Debug\link.10092-cvtres.write.1.tlog
F:\git\CodeRepository\遍历指定文件夹\遍历指定文件夹\Debug\link.4880.read.1.tlog
F:\git\CodeRepository\遍历指定文件夹\遍历指定文件夹\Debug\link.4880.write.1.tlog
F:\git\CodeRepository\遍历指定文件夹\遍历指定文件夹\Debug\link.4880-cvtres.read.1.tlog
F:\git\CodeRepository\遍历指定文件夹\遍历指定文件夹\Debug\link.4880-cvtres.write.1.tlog
F:\git\CodeRepository\遍历指定文件夹\遍历指定文件夹\Debug\link.9424.read.1.tlog
F:\git\CodeRepository\遍历指定文件夹\遍历指定文件夹\Debug\link.9424.write.1.tlog
F:\git\CodeRepository\遍历指定文件夹\遍历指定文件夹\Debug\link.9424-cvtres.read.1.tlog
F:\git\CodeRepository\遍历指定文件夹\遍历指定文件夹\Debug\link.9424-cvtres.write.1.tlog
F:\git\CodeRepository\遍历指定文件夹\遍历指定文件夹\Debug\link.command.1.tlog
F:\git\CodeRepository\遍历指定文件夹\遍历指定文件夹\Debug\link.read.1.tlog
F:\git\CodeRepository\遍历指定文件夹\遍历指定文件夹\Debug\link.write.1.tlog
F:\git\CodeRepository\遍历指定文件夹\遍历指定文件夹\Debug\link-cvtres.read.1.tlog
F:\git\CodeRepository\遍历指定文件夹\遍历指定文件夹\Debug\link-cvtres.write.1.tlog
F:\git\CodeRepository\遍历指定文件夹\遍历指定文件夹\Debug\mt.command.1.tlog
F:\git\CodeRepository\遍历指定文件夹\遍历指定文件夹\Debug\mt.read.1.tlog
F:\git\CodeRepository\遍历指定文件夹\遍历指定文件夹\Debug\mt.write.1.tlog
F:\git\CodeRepository\遍历指定文件夹\遍历指定文件夹\Debug\rc.command.1.tlog
F:\git\CodeRepository\遍历指定文件夹\遍历指定文件夹\Debug\rc.read.1.tlog
F:\git\CodeRepository\遍历指定文件夹\遍历指定文件夹\Debug\rc.write.1.tlog
F:\GIT\CODEREPOSITORY\遍历指定文件夹\遍历指定文件夹\DEBUG\STDAFX.OBJ
F:\git\CodeRepository\遍历指定文件夹\遍历指定文件夹\Debug\vc100.idb
F:\GIT\CODEREPOSITORY\遍历指定文件夹\遍历指定文件夹\DEBUG\VC100.PDB
F:\GIT\CODEREPOSITORY\遍历指定文件夹\遍历指定文件夹\DEBUG\遍历指定文件夹.EXE.EMBED.MANIFEST
F:\GIT\CODEREPOSITORY\遍历指定文件夹\遍历指定文件夹\DEBUG\遍历指定文件夹.EXE.EMBED.MANIFEST.RES
F:\GIT\CODEREPOSITORY\遍历指定文件夹\遍历指定文件夹\DEBUG\遍历指定文件夹.EXE.INTERMEDIATE.MANIFEST
F:\GIT\CODEREPOSITORY\遍历指定文件夹\遍历指定文件夹\DEBUG\遍历指定文件夹.OBJ
F:\GIT\CODEREPOSITORY\遍历指定文件夹\遍历指定文件夹\DEBUG\遍历指定文件夹.PCH
F:\git\CodeRepository\遍历指定文件夹\遍历指定文件夹\Debug\遍历指定文件夹.vcxprojResolveAssemblyReference.cache
F:\git\CodeRepository\遍历指定文件夹\遍历指定文件夹\Debug\遍历指定文件夹.write.1.tlog
F:\git\CodeRepository\遍历指定文件夹\遍历指定文件夹\Debug\遍历指定文件夹_manifest.rc
