D:\ASSIGNMENT\2015-4-8\PROGRAM\PCC批处理\DEBUG\PCC.EXE
D:\ASSIGNMENT\2015-4-8\PROGRAM\PCC批处理\DEBUG\PCC.ILK
D:\ASSIGNMENT\2015-4-8\PROGRAM\PCC批处理\DEBUG\PCC.PDB
D:\Assignment\2015-4-8\program\PCC批处理\PCC\Debug\cl.command.1.tlog
D:\Assignment\2015-4-8\program\PCC批处理\PCC\Debug\CL.read.1.tlog
D:\Assignment\2015-4-8\program\PCC批处理\PCC\Debug\CL.write.1.tlog
D:\Assignment\2015-4-8\program\PCC批处理\PCC\Debug\link.4804.read.1.tlog
D:\Assignment\2015-4-8\program\PCC批处理\PCC\Debug\link.4804.write.1.tlog
D:\Assignment\2015-4-8\program\PCC批处理\PCC\Debug\link.4804-cvtres.read.1.tlog
D:\Assignment\2015-4-8\program\PCC批处理\PCC\Debug\link.4804-cvtres.write.1.tlog
D:\Assignment\2015-4-8\program\PCC批处理\PCC\Debug\link.command.1.tlog
D:\Assignment\2015-4-8\program\PCC批处理\PCC\Debug\link.read.1.tlog
D:\Assignment\2015-4-8\program\PCC批处理\PCC\Debug\link.write.1.tlog
D:\Assignment\2015-4-8\program\PCC批处理\PCC\Debug\link-cvtres.read.1.tlog
D:\Assignment\2015-4-8\program\PCC批处理\PCC\Debug\link-cvtres.write.1.tlog
D:\Assignment\2015-4-8\program\PCC批处理\PCC\Debug\mt.command.1.tlog
D:\Assignment\2015-4-8\program\PCC批处理\PCC\Debug\mt.read.1.tlog
D:\Assignment\2015-4-8\program\PCC批处理\PCC\Debug\mt.write.1.tlog
D:\Assignment\2015-4-8\program\PCC批处理\PCC\Debug\PCC.exe.embed.manifest
D:\ASSIGNMENT\2015-4-8\PROGRAM\PCC批处理\PCC\DEBUG\PCC.EXE.EMBED.MANIFEST.RES
D:\ASSIGNMENT\2015-4-8\PROGRAM\PCC批处理\PCC\DEBUG\PCC.EXE.INTERMEDIATE.MANIFEST
D:\ASSIGNMENT\2015-4-8\PROGRAM\PCC批处理\PCC\DEBUG\PCC.OBJ
D:\ASSIGNMENT\2015-4-8\PROGRAM\PCC批处理\PCC\DEBUG\PCC.PCH
D:\Assignment\2015-4-8\program\PCC批处理\PCC\Debug\PCC.vcxprojResolveAssemblyReference.cache
D:\Assignment\2015-4-8\program\PCC批处理\PCC\Debug\PCC.write.1.tlog
D:\Assignment\2015-4-8\program\PCC批处理\PCC\Debug\PCC_manifest.rc
D:\Assignment\2015-4-8\program\PCC批处理\PCC\Debug\rc.command.1.tlog
D:\Assignment\2015-4-8\program\PCC批处理\PCC\Debug\rc.read.1.tlog
D:\Assignment\2015-4-8\program\PCC批处理\PCC\Debug\rc.write.1.tlog
D:\ASSIGNMENT\2015-4-8\PROGRAM\PCC批处理\PCC\DEBUG\STDAFX.OBJ
D:\Assignment\2015-4-8\program\PCC批处理\PCC\Debug\vc100.idb
D:\ASSIGNMENT\2015-4-8\PROGRAM\PCC批处理\PCC\DEBUG\VC100.PDB
G:\ASSIGNMENT\2015-4-8\PROGRAM\PCC批处理\DEBUG\PCC.EXE
G:\ASSIGNMENT\2015-4-8\PROGRAM\PCC批处理\DEBUG\PCC.ILK
G:\ASSIGNMENT\2015-4-8\PROGRAM\PCC批处理\DEBUG\PCC.PDB
G:\ASSIGNMENT\2015-4-8\PROGRAM\PCC批处理\PCC\DEBUG\PCC.EXE.EMBED.MANIFEST
G:\ASSIGNMENT\2015-4-8\PROGRAM\PCC批处理\PCC\DEBUG\PCC.EXE.EMBED.MANIFEST.RES
G:\ASSIGNMENT\2015-4-8\PROGRAM\PCC批处理\PCC\DEBUG\PCC.EXE.INTERMEDIATE.MANIFEST
G:\ASSIGNMENT\2015-4-8\PROGRAM\PCC批处理\PCC\DEBUG\PCC.OBJ
G:\ASSIGNMENT\2015-4-8\PROGRAM\PCC批处理\PCC\DEBUG\PCC.PCH
G:\ASSIGNMENT\2015-4-8\PROGRAM\PCC批处理\PCC\DEBUG\STDAFX.OBJ
G:\ASSIGNMENT\2015-4-8\PROGRAM\PCC批处理\PCC\DEBUG\VC100.PDB
