G:\ASSIGNMENT\2015-4-24\PROGRAM\项目代码批处理程序\DEBUG\项目代码批处理程序.EXE
G:\ASSIGNMENT\2015-4-24\PROGRAM\项目代码批处理程序\DEBUG\项目代码批处理程序.ILK
G:\ASSIGNMENT\2015-4-24\PROGRAM\项目代码批处理程序\DEBUG\项目代码批处理程序.PDB
G:\Assignment\2015-4-24\program\项目代码批处理程序\项目代码批处理程序\Debug\cl.command.1.tlog
G:\Assignment\2015-4-24\program\项目代码批处理程序\项目代码批处理程序\Debug\CL.read.1.tlog
G:\Assignment\2015-4-24\program\项目代码批处理程序\项目代码批处理程序\Debug\CL.write.1.tlog
G:\Assignment\2015-4-24\program\项目代码批处理程序\项目代码批处理程序\Debug\link.11132.read.1.tlog
G:\Assignment\2015-4-24\program\项目代码批处理程序\项目代码批处理程序\Debug\link.11132.write.1.tlog
G:\Assignment\2015-4-24\program\项目代码批处理程序\项目代码批处理程序\Debug\link.11132-cvtres.read.1.tlog
G:\Assignment\2015-4-24\program\项目代码批处理程序\项目代码批处理程序\Debug\link.11132-cvtres.write.1.tlog
G:\Assignment\2015-4-24\program\项目代码批处理程序\项目代码批处理程序\Debug\link.7160.read.1.tlog
G:\Assignment\2015-4-24\program\项目代码批处理程序\项目代码批处理程序\Debug\link.7160.write.1.tlog
G:\Assignment\2015-4-24\program\项目代码批处理程序\项目代码批处理程序\Debug\link.7160-cvtres.read.1.tlog
G:\Assignment\2015-4-24\program\项目代码批处理程序\项目代码批处理程序\Debug\link.7160-cvtres.write.1.tlog
G:\Assignment\2015-4-24\program\项目代码批处理程序\项目代码批处理程序\Debug\link.9156.read.1.tlog
G:\Assignment\2015-4-24\program\项目代码批处理程序\项目代码批处理程序\Debug\link.9156.write.1.tlog
G:\Assignment\2015-4-24\program\项目代码批处理程序\项目代码批处理程序\Debug\link.9156-cvtres.read.1.tlog
G:\Assignment\2015-4-24\program\项目代码批处理程序\项目代码批处理程序\Debug\link.9156-cvtres.write.1.tlog
G:\Assignment\2015-4-24\program\项目代码批处理程序\项目代码批处理程序\Debug\link.command.1.tlog
G:\Assignment\2015-4-24\program\项目代码批处理程序\项目代码批处理程序\Debug\link.read.1.tlog
G:\Assignment\2015-4-24\program\项目代码批处理程序\项目代码批处理程序\Debug\link.write.1.tlog
G:\Assignment\2015-4-24\program\项目代码批处理程序\项目代码批处理程序\Debug\link-cvtres.read.1.tlog
G:\Assignment\2015-4-24\program\项目代码批处理程序\项目代码批处理程序\Debug\link-cvtres.write.1.tlog
G:\Assignment\2015-4-24\program\项目代码批处理程序\项目代码批处理程序\Debug\mt.command.1.tlog
G:\Assignment\2015-4-24\program\项目代码批处理程序\项目代码批处理程序\Debug\mt.read.1.tlog
G:\Assignment\2015-4-24\program\项目代码批处理程序\项目代码批处理程序\Debug\mt.write.1.tlog
G:\Assignment\2015-4-24\program\项目代码批处理程序\项目代码批处理程序\Debug\rc.command.1.tlog
G:\Assignment\2015-4-24\program\项目代码批处理程序\项目代码批处理程序\Debug\rc.read.1.tlog
G:\Assignment\2015-4-24\program\项目代码批处理程序\项目代码批处理程序\Debug\rc.write.1.tlog
G:\ASSIGNMENT\2015-4-24\PROGRAM\项目代码批处理程序\项目代码批处理程序\DEBUG\STDAFX.OBJ
G:\Assignment\2015-4-24\program\项目代码批处理程序\项目代码批处理程序\Debug\vc100.idb
G:\ASSIGNMENT\2015-4-24\PROGRAM\项目代码批处理程序\项目代码批处理程序\DEBUG\VC100.PDB
G:\ASSIGNMENT\2015-4-24\PROGRAM\项目代码批处理程序\项目代码批处理程序\DEBUG\项目代码批处理程序.EXE.EMBED.MANIFEST
G:\ASSIGNMENT\2015-4-24\PROGRAM\项目代码批处理程序\项目代码批处理程序\DEBUG\项目代码批处理程序.EXE.EMBED.MANIFEST.RES
G:\ASSIGNMENT\2015-4-24\PROGRAM\项目代码批处理程序\项目代码批处理程序\DEBUG\项目代码批处理程序.EXE.INTERMEDIATE.MANIFEST
G:\ASSIGNMENT\2015-4-24\PROGRAM\项目代码批处理程序\项目代码批处理程序\DEBUG\项目代码批处理程序.OBJ
G:\ASSIGNMENT\2015-4-24\PROGRAM\项目代码批处理程序\项目代码批处理程序\DEBUG\项目代码批处理程序.PCH
G:\Assignment\2015-4-24\program\项目代码批处理程序\项目代码批处理程序\Debug\项目代码批处理程序.vcxprojResolveAssemblyReference.cache
G:\Assignment\2015-4-24\program\项目代码批处理程序\项目代码批处理程序\Debug\项目代码批处理程序.write.1.tlog
G:\Assignment\2015-4-24\program\项目代码批处理程序\项目代码批处理程序\Debug\项目代码批处理程序_manifest.rc
